<?xml version="1.0" encoding="UTF-8"?>
<!-- Generated by org.testng.reporters.JUnitReportReporter -->
<testsuite skipped="0" hostname="DESKTOP-0KBR3DP" name="tests.wms.TestSiteSection" tests="2" failures="1" timestamp="2021-09-22T13:23:52 IST" time="130.614" errors="0">
  <testcase name="testLockUnlockArchieveSite" time="35.328" classname="tests.wms.TestSiteSection">
    <failure type="java.lang.AssertionError" message="expected [true] but found [false]">
      <![CDATA[java.lang.AssertionError: expected [true] but found [false]
at org.testng.Assert.fail(Assert.java:99)
at org.testng.Assert.failNotEquals(Assert.java:1037)
at org.testng.Assert.assertTrue(Assert.java:45)
at utils.AssertUtil.assertTrue(AssertUtil.java:10)
at tests.wms.TestSiteSection.testLockUnlockArchieveSite(TestSiteSection.java:226)
at sun.reflect.NativeMethodAccessorImpl.invoke0(Native Method)
at sun.reflect.NativeMethodAccessorImpl.invoke(NativeMethodAccessorImpl.java:62)
at sun.reflect.DelegatingMethodAccessorImpl.invoke(DelegatingMethodAccessorImpl.java:43)
at java.lang.reflect.Method.invoke(Method.java:498)
at org.testng.internal.MethodInvocationHelper.invokeMethod(MethodInvocationHelper.java:133)
at org.testng.internal.TestInvoker.invokeMethod(TestInvoker.java:598)
at org.testng.internal.TestInvoker.invokeTestMethod(TestInvoker.java:173)
at org.testng.internal.MethodRunner.runInSequence(MethodRunner.java:46)
at org.testng.internal.TestInvoker$MethodInvocationAgent.invoke(TestInvoker.java:824)
at org.testng.internal.TestInvoker.invokeTestMethods(TestInvoker.java:146)
at org.testng.internal.TestMethodWorker.invokeTestMethods(TestMethodWorker.java:146)
at org.testng.internal.TestMethodWorker.run(TestMethodWorker.java:128)
at java.util.ArrayList.forEach(ArrayList.java:1257)
at org.testng.TestRunner.privateRun(TestRunner.java:794)
at org.testng.TestRunner.run(TestRunner.java:596)
at org.testng.SuiteRunner.runTest(SuiteRunner.java:377)
at org.testng.SuiteRunner.runSequentially(SuiteRunner.java:371)
at org.testng.SuiteRunner.privateRun(SuiteRunner.java:332)
at org.testng.SuiteRunner.run(SuiteRunner.java:276)
at org.testng.SuiteRunnerWorker.runSuite(SuiteRunnerWorker.java:53)
at org.testng.SuiteRunnerWorker.run(SuiteRunnerWorker.java:96)
at org.testng.TestNG.runSuitesSequentially(TestNG.java:1212)
at org.testng.TestNG.runSuitesLocally(TestNG.java:1134)
at org.testng.TestNG.runSuites(TestNG.java:1063)
at org.testng.TestNG.run(TestNG.java:1031)
at org.testng.remote.AbstractRemoteTestNG.run(AbstractRemoteTestNG.java:115)
at org.testng.remote.RemoteTestNG.initAndRun(RemoteTestNG.java:251)
at org.testng.remote.RemoteTestNG.main(RemoteTestNG.java:77)
]]>
    </failure>
  </testcase> <!-- testLockUnlockArchieveSite -->
  <system-out>
    <![CDATA[STEP - *** Running test method testLockUnlockArchieveSite...
TestNumber - TC_11
Coverage - Verifies that Tier1 User can lock, unlock and archieve site from Site section.
CreateDate - 17/09/2021
STEP - Launch Browser Successfully...
STEP - Navigate to WMS Website Home Page.
Verified - WMS Website Opened Successfully...
Verified - Login Page is Displayed
STEP - Enter Valid Username, Password and Sign In
STEP - Set - abhijeet@elsner.in
STEP - Set - Test@123
STEP - Click - Sign In
Verified - Welcome Automation User! - Welcome Message is Displayed
STEP - Go to Manage Users Section
STEP - Open Site Section
STEP - Click - Site
STEP - Open Set-up Site Section
STEP - Click - Set-up Site
Verified - Site List Page is Displayed
STEP - Create new site
STEP - Click - Create New Site
Verified - CREATE NEW SITE Page is Displayed
STEP - Fill new site data
STEP - Set - Automation_Site_0922132157165
STEP - Select First Site in List
STEP - Click - 
STEP - Select First Company in List
STEP - Click - 
STEP - Set - Line1 Address
STEP - Set - Line2 Address
STEP - Set - Pune City
STEP - Set - Maharashtra State
STEP - Set - INDIA
STEP - Set - 412308
STEP - Set - 2021/09/265
STEP - Set - 2021/09/265
STEP - Set - CompanyName_0922132157165
STEP - Set - OnsiteLead
STEP - Set - email_0922132157165@test.com
STEP - Set - 0922132157
STEP - Set - ClientProcurementName
STEP - Set - email_0922132157165@test.com
STEP - Set - 0922132157
STEP - Set - AdditionalContactName
STEP - Set - email_0922132157165@test.com
STEP - Set - 0922132157
STEP - Set - Admin Role
STEP - Click - Submit
STEP - Validate newly created Site Details
Verified - Site List Page is Displayed
STEP - *** Test execution testLockUnlockArchieveSite failed...]]>
  </system-out>
  <testcase name="testCreateAndDeleteSite" time="95.286" classname="tests.wms.TestSiteSection"/>
  <system-out>
    <![CDATA[STEP - *** Running test method testCreateAndDeleteSite...
TestNumber - TC_6
Coverage - Verifies that Tier1 User can create and delete site from Site section.
CreateDate - 07/09/2021
STEP - Launch Browser Successfully...
STEP - Navigate to WMS Website Home Page.
Verified - WMS Website Opened Successfully...
Verified - Login Page is Displayed
STEP - Enter Valid Username, Password and Sign In
STEP - Set - abhijeet@elsner.in
STEP - Set - Test@123
STEP - Click - Sign In
Verified - Welcome Automation User! - Welcome Message is Displayed
STEP - Go to Manage Users Section
STEP - Open Site Section
STEP - Click - Site
STEP - Open Set-up Site Section
STEP - Click - Set-up Site
Verified - Site List Page is Displayed
STEP - Create new site
STEP - Click - Create New Site
Verified - CREATE NEW SITE Page is Displayed
STEP - Create Site with Blank Data
STEP - Click - Submit
Verified - Please enter Site name! - Message is Displayed
Verified - Please enter Site code! - Message is Displayed
Verified - Please enter Street Line 1! - Message is Displayed
Verified - Please enter Street Line 2! - Message is Displayed
Verified - Please enter city name! - Message is Displayed
Verified - Please enter state name! - Message is Displayed
Verified - Please enter country! - Message is Displayed
Verified - Please enter postal code! - Message is Displayed
Verified - Please select the date! - Message is Displayed
Verified - Please select the date! - Message is Displayed
Verified - Please enter company name! - Message is Displayed
Verified - Please enter Name! - Message is Displayed
Verified - Please enter Email! - Message is Displayed
Verified - Please enter Phone number! - Message is Displayed
Verified - Please enter Client Name! - Message is Displayed
Verified - Please enter Client Email! - Message is Displayed
Verified - Please enter Client Phone Number! - Message is Displayed
Verified - Please enter Email! - Message is Displayed
Verified - Please enter Phone number! - Message is Displayed
STEP - Click - Cancel
Verified - Site List Page is Displayed
STEP - Create new site
STEP - Click - Create New Site
Verified - CREATE NEW SITE Page is Displayed
STEP - Fill new site data
STEP - Set - Automation_Site_0922132045973
STEP - Select First Site in List
STEP - Click - 
STEP - Select First Company in List
STEP - Click - 
STEP - Set - Line1 Address
STEP - Set - Line2 Address
STEP - Set - Pune City
STEP - Set - Maharashtra State
STEP - Set - INDIA
STEP - Set - 412308
STEP - Set - 2021/09/265
STEP - Set - 2021/09/265
STEP - Set - CompanyName_0922132045973
STEP - Set - OnsiteLead
STEP - Set - email_0922132045973@test.com
STEP - Set - 0922132045
STEP - Set - ClientProcurementName
STEP - Set - email_0922132045973@test.com
STEP - Set - 0922132045
STEP - Set - AdditionalContactName
STEP - Set - email_0922132045981@test.com
STEP - Set - 0922132045
STEP - Set - Admin Role
STEP - Click - Submit
STEP - Validate newly created Site Details
Verified - Site List Page is Displayed
STEP - Searching User using seach text as Automation_Site_0922132045973
STEP - Set - Automation_Site_0922132045973
STEP - Click - 
Verified - Automation_Site_0922132045973 is Displayed Successfully
Verified - CompanyName_0922132045973 is Displayed Successfully
Verified - CompanyName_0922132045973 is Displayed Successfully
STEP - Delete newly created site
STEP - Click - 
STEP - Click - Yes
STEP - Searching User using seach text as Automation_Site_0922132045973
STEP - Set - Automation_Site_0922132045973
STEP - Click - 
Verified - No Data Found Message is Displayed
STEP - Validate deleted site in Deleted Site List Page
STEP - Click - Deleted Sites
Verified - Deleted Site List Page is Displayed
STEP - Searching User using seach text as Automation_Site_0922132045973
STEP - Set - Automation_Site_0922132045973
STEP - Click - 
Verified - Automation_Site_0922132045973 is Displayed Successfully
Verified - CompanyName_0922132045973 is Displayed Successfully
Verified - CompanyName_0922132045973 is Displayed Successfully
STEP - Navigate back using breadcrumb link as Site List
STEP - Click - Site List
Verified - Site List Page is Displayed
STEP - Closing Browser Successfully...
STEP - *** Executed testCreateAndDeleteSite test successfully...]]>
  </system-out>
</testsuite> <!-- tests.wms.TestSiteSection -->
