<?xml version="1.0" encoding="UTF-8"?>
<!-- Generated by org.testng.reporters.JUnitReportReporter -->
<testsuite skipped="0" hostname="DESKTOP-0KBR3DP" name="tests.wms.DemoTest" tests="1" failures="0" timestamp="2021-09-27T13:54:17 IST" time="70.041" errors="0">
  <testcase name="testCreateEditAndDeleteSiteType" time="70.041" classname="tests.wms.DemoTest"/>
  <system-out>
    <![CDATA[STEP - *** Running test method testCreateEditAndDeleteSiteType...
TestNumber - TC_10
Coverage - Verifies that Tier1 User can create, edit and delete site type from site type section.
CreateDate - 27/09/2021
STEP - Launch Browser Successfully...
STEP - Navigate to WMS Website Home Page
Verified - WMS Website Opened Successfully...
Verified - Login Page is Displayed
STEP - Enter Valid Username, Password and Sign In
STEP - Set - abhijeet@elsner.in
STEP - Set - Test@123
STEP - Click - Sign In
Verified - Welcome Automation User! - Welcome Message is Displayed
STEP - Go to SITE TYPE Section
STEP - Open SITE TYPE Section
STEP - Click - SITE TYPE
STEP - Open Site Type List Section
STEP - Click - Site Type List
Verified - Site Type List is Displayed
STEP - Add Site Type
STEP - Click - Add Site Type
Verified - CREATE NEW SITE Page is Displayed
STEP - Create Site Type with Blank Data
STEP - Click - Submit
Verified - Please enter Site Type! - Message is Displayed
STEP - Click - Cancel
Verified - Site Type List is Displayed
STEP - Create Site Type with Valid Data
STEP - Click - Add Site Type
STEP - Set - SiteType_0927135341935
STEP - Click - Submit
Verified - Site Type List is Displayed
STEP - Validate newly created company
STEP - Searching data using seach text as SiteType_0927135341935
STEP - Set - SiteType_0927135341935
STEP - Click - 
Verified - SiteType_0927135341935 is Displayed
Verified - Automation User is Displayed
STEP - Edit Site Type
STEP - Click - 
STEP - Set - Edited_0927135351456
STEP - Click - Submit
STEP - Validate newly created Site Type
STEP - Searching data using seach text as Edited_0927135351456
STEP - Set - Edited_0927135351456
STEP - Click - 
Verified - Edited_0927135351456 is Displayed
Verified - Automation User is Displayed
STEP - Delete newly created Site Type
STEP - Click - 
STEP - Click - Yes
STEP - Searching data using seach text as Edited_0927135351456
STEP - Set - Edited_0927135351456
STEP - Click - 
Verified - No Data Found Message is Displayed
STEP - Searching data using seach text as SiteType_0927135341935
STEP - Set - SiteType_0927135341935
STEP - Click - 
Verified - No Data Found Message is Displayed
STEP - Closing Browser Successfully...
STEP - *** Executed testCreateEditAndDeleteSiteType test successfully...]]>
  </system-out>
</testsuite> <!-- tests.wms.DemoTest -->
