<?xml version="1.0" encoding="UTF-8"?>
<!-- Generated by org.testng.reporters.JUnitReportReporter -->
<testsuite skipped="0" hostname="DESKTOP-0KBR3DP" name="tests.wms.DemoTest" tests="1" failures="0" timestamp="2021-09-24T12:32:00 IST" time="81.467" errors="0">
  <testcase name="testLockUnlockArchieveSite" time="81.467" classname="tests.wms.DemoTest"/>
  <system-out>
    <![CDATA[STEP - *** Running test method testLockUnlockArchieveSite...
TestNumber - TC_11
Coverage - Verifies that Tier1 User can lock, unlock and archieve site from Site section.
CreateDate - 17/09/2021
STEP - Launch Browser Successfully...
STEP - Navigate to WMS Website Home Page
Verified - WMS Website Opened Successfully...
Verified - Login Page is Displayed
STEP - Enter Valid Username, Password and Sign In
STEP - Set - abhijeet@elsner.in
STEP - Set - Test@123
STEP - Click - Sign In
Verified - Welcome Automation User! - Welcome Message is Displayed
STEP - Go to Manage Users Section
STEP - Open SITE Section
STEP - Click - SITE
STEP - Open Set-up Site Section
STEP - Click - Set-up Site
Verified - Site List Page is Displayed
STEP - Create new site
STEP - Click - Create New Site
Verified - CREATE NEW SITE Page is Displayed
STEP - Fill new site data
STEP - Set - Automation_Site_0924123107790
STEP - Select First Site in List
STEP - Click - 
STEP - Select First Company in List
STEP - Click - 
STEP - Set - Line1 Address
STEP - Set - Line2 Address
STEP - Set - Pune City
STEP - Set - Maharashtra State
STEP - Set - INDIA
STEP - Set - 412308
STEP - Set - 2021/09/267
STEP - Set - 2021/09/267
STEP - Set - CompanyName_0924123107791
STEP - Set - OnsiteLead
STEP - Set - email_0924123107791@test.com
STEP - Set - 0924123107
STEP - Set - ClientProcurementName
STEP - Set - email_0924123107791@test.com
STEP - Set - 0924123107
STEP - Set - AdditionalContactName
STEP - Set - email_0924123107791@test.com
STEP - Set - 0924123107
STEP - Set - Admin Role
STEP - Click - Submit
STEP - Validate newly created Site Details
Verified - Site List Page is Displayed
STEP - Searching User using seach text as Automation_Site_0924123107790
STEP - Set - Automation_Site_0924123107790
STEP - Click - 
Verified - Automation_Site_0924123107790 is Displayed Successfully
Verified - CompanyName_0924123107791 is Displayed Successfully
Verified - CompanyName_0924123107791 is Displayed Successfully
STEP - Perform Lock Action from Manage
STEP - Click - 
STEP - Click - Yes
Verified - Site Locked successfully - Message is Displayed
STEP - Perform Unlock Action from Manage
STEP - Click - 
STEP - Click - Yes
Verified - Site Unlocked successfully - Message is Displayed
STEP - Archieve Site
STEP - Click - 
STEP - Click - Yes
Verified - Site Archive successfully - Message is Displayed
STEP - Navigate to Archived Site List Page
STEP - Click - Archieved Sites
Verified - Archived Site List Page is Displayed
STEP - Searching User using seach text as Automation_Site_0924123107790
STEP - Set - Automation_Site_0924123107790
STEP - Click - 
Verified - Automation_Site_0924123107790 is Displayed Successfully
Verified - CompanyName_0924123107791 is Displayed Successfully
Verified - CompanyName_0924123107791 is Displayed Successfully
STEP - Delete Site
STEP - Click - 
STEP - Click - Yes
Verified - Site Deleted successfully is Displayed
STEP - Searching User using seach text as Automation_Site_0924123107790
STEP - Set - Automation_Site_0924123107790
STEP - Click - 
Verified - No Data Found Message is Displayed
STEP - Navigate back using breadcrumb link as Site List
STEP - Closing Browser Successfully...
STEP - *** Executed testLockUnlockArchieveSite test successfully...]]>
  </system-out>
</testsuite> <!-- tests.wms.DemoTest -->
