<?xml version="1.0" encoding="UTF-8"?>
<!-- Generated by org.testng.reporters.JUnitReportReporter -->
<testsuite skipped="0" hostname="DESKTOP-0KBR3DP" name="tests.wms.DemoTest" tests="5" failures="0" timestamp="2021-09-02T13:33:15 IST" time="97.607" errors="0">
  <testcase name="testTier1UserProfileSection" time="19.285" classname="tests.wms.DemoTest"/>
  <system-out>
    <![CDATA[STEP - *** Running test method testTier1UserProfileSection...
TestNumber - TC_1
Coverage - Verifies that Tier 1 user can see user profile from My profile section of Tier 1 Dashboard.
CreateDate - 02/09/2021
STEP - Launch Browser Successfully...
STEP - Navigate to WMS Website Home Page.
Verified - WMS Website Opened Successfully...
Verified - Login Page is Displayed
STEP - Enter Valid Username, Password and Sign In
STEP - Set - abhijeet@elsner.in
STEP - Set - Test@123
STEP - Click - Sign In
Verified - Welcome Automation User! - Welcome Message is Displayed
STEP - Navigate to My Profile Section
STEP - Click Link As - My Profile
Verified -  - https://wmstest.php.fmv.cc/usersList
Verified - https://wmstest.php.fmv.cc/usersList - OK
Verified -  - https://wmstest.php.fmv.cc/edit-user/612db04fa5313e63ea2c171d
Verified - https://wmstest.php.fmv.cc/edit-user/612db04fa5313e63ea2c171d - OK
Verified -  - https://wmstest.php.fmv.cc/changePassword
Verified - https://wmstest.php.fmv.cc/changePassword - OK
Verified - Name is Correct
Verified - Role is Correct
Verified - User Template is Correct
Verified - User Email is Correct
Verified - User Phone is Correct
STEP - STEP - Clicking FREEDOM LOGISTICS to Return On Dashboard Page...
STEP - Logging Out Successfully...
STEP - Click - Logout
Verified - Login Page is Displayed
STEP - Closing Browser Successfully...
STEP - *** Executed testTier1UserProfileSection test successfully...]]>
  </system-out>
  <testcase name="testTier1UserProfileSection" time="16.594" classname="tests.wms.DemoTest"/>
  <system-out>
    <![CDATA[STEP - *** Running test method testTier1UserProfileSection...
TestNumber - TC_1
Coverage - Verifies that Tier 1 user can see user profile from My profile section of Tier 1 Dashboard.
CreateDate - 02/09/2021
STEP - Launch Browser Successfully...
STEP - Navigate to WMS Website Home Page.
Verified - WMS Website Opened Successfully...
Verified - Login Page is Displayed
STEP - Enter Valid Username, Password and Sign In
STEP - Set - abhijeet@elsner.in
STEP - Set - Test@123
STEP - Click - Sign In
Verified - Welcome Automation User! - Welcome Message is Displayed
STEP - Navigate to My Profile Section
STEP - Click Link As - My Profile
Verified -  - https://wmstest.php.fmv.cc/usersList
Verified - https://wmstest.php.fmv.cc/usersList - OK
Verified -  - https://wmstest.php.fmv.cc/edit-user/612db04fa5313e63ea2c171d
Verified - https://wmstest.php.fmv.cc/edit-user/612db04fa5313e63ea2c171d - OK
Verified -  - https://wmstest.php.fmv.cc/changePassword
Verified - https://wmstest.php.fmv.cc/changePassword - OK
Verified - Name is Correct
Verified - Role is Correct
Verified - User Template is Correct
Verified - User Email is Correct
Verified - User Phone is Correct
STEP - STEP - Clicking FREEDOM LOGISTICS to Return On Dashboard Page...
STEP - Logging Out Successfully...
STEP - Click - Logout
Verified - Login Page is Displayed
STEP - Closing Browser Successfully...
STEP - *** Executed testTier1UserProfileSection test successfully...]]>
  </system-out>
  <testcase name="testTier1UserProfileSection" time="20.349" classname="tests.wms.DemoTest"/>
  <system-out>
    <![CDATA[STEP - *** Running test method testTier1UserProfileSection...
TestNumber - TC_1
Coverage - Verifies that Tier 1 user can see user profile from My profile section of Tier 1 Dashboard.
CreateDate - 02/09/2021
STEP - Launch Browser Successfully...
STEP - Navigate to WMS Website Home Page.
Verified - WMS Website Opened Successfully...
Verified - Login Page is Displayed
STEP - Enter Valid Username, Password and Sign In
STEP - Set - abhijeet@elsner.in
STEP - Set - Test@123
STEP - Click - Sign In
Verified - Welcome Automation User! - Welcome Message is Displayed
STEP - Navigate to My Profile Section
STEP - Click Link As - My Profile
Verified -  - https://wmstest.php.fmv.cc/usersList
Verified - https://wmstest.php.fmv.cc/usersList - OK
Verified -  - https://wmstest.php.fmv.cc/edit-user/612db04fa5313e63ea2c171d
Verified - https://wmstest.php.fmv.cc/edit-user/612db04fa5313e63ea2c171d - OK
Verified -  - https://wmstest.php.fmv.cc/changePassword
Verified - https://wmstest.php.fmv.cc/changePassword - OK
Verified - Name is Correct
Verified - Role is Correct
Verified - User Template is Correct
Verified - User Email is Correct
Verified - User Phone is Correct
STEP - STEP - Clicking FREEDOM LOGISTICS to Return On Dashboard Page...
STEP - Logging Out Successfully...
STEP - Click - Logout
Verified - Login Page is Displayed
STEP - Closing Browser Successfully...
STEP - *** Executed testTier1UserProfileSection test successfully...]]>
  </system-out>
  <testcase name="testTier1UserProfileSection" time="17.789" classname="tests.wms.DemoTest"/>
  <system-out>
    <![CDATA[STEP - *** Running test method testTier1UserProfileSection...
TestNumber - TC_1
Coverage - Verifies that Tier 1 user can see user profile from My profile section of Tier 1 Dashboard.
CreateDate - 02/09/2021
STEP - Launch Browser Successfully...
STEP - Navigate to WMS Website Home Page.
Verified - WMS Website Opened Successfully...
Verified - Login Page is Displayed
STEP - Enter Valid Username, Password and Sign In
STEP - Set - abhijeet@elsner.in
STEP - Set - Test@123
STEP - Click - Sign In
Verified - Welcome Automation User! - Welcome Message is Displayed
STEP - Navigate to My Profile Section
STEP - Click Link As - My Profile
Verified -  - https://wmstest.php.fmv.cc/usersList
Verified - https://wmstest.php.fmv.cc/usersList - OK
Verified -  - https://wmstest.php.fmv.cc/edit-user/612db04fa5313e63ea2c171d
Verified - https://wmstest.php.fmv.cc/edit-user/612db04fa5313e63ea2c171d - OK
Verified -  - https://wmstest.php.fmv.cc/changePassword
Verified - https://wmstest.php.fmv.cc/changePassword - OK
Verified - Name is Correct
Verified - Role is Correct
Verified - User Template is Correct
Verified - User Email is Correct
Verified - User Phone is Correct
STEP - STEP - Clicking FREEDOM LOGISTICS to Return On Dashboard Page...
STEP - Logging Out Successfully...
STEP - Click - Logout
Verified - Login Page is Displayed
STEP - Closing Browser Successfully...
STEP - *** Executed testTier1UserProfileSection test successfully...]]>
  </system-out>
  <testcase name="testTier1UserProfileSection" time="23.590" classname="tests.wms.DemoTest"/>
  <system-out>
    <![CDATA[STEP - *** Running test method testTier1UserProfileSection...
TestNumber - TC_1
Coverage - Verifies that Tier 1 user can see user profile from My profile section of Tier 1 Dashboard.
CreateDate - 02/09/2021
STEP - Launch Browser Successfully...
STEP - Navigate to WMS Website Home Page.
Verified - WMS Website Opened Successfully...
Verified - Login Page is Displayed
STEP - Enter Valid Username, Password and Sign In
STEP - Set - abhijeet@elsner.in
STEP - Set - Test@123
STEP - Click - Sign In
Verified - Welcome Automation User! - Welcome Message is Displayed
STEP - Navigate to My Profile Section
STEP - Click Link As - My Profile
Verified -  - https://wmstest.php.fmv.cc/usersList
Verified - https://wmstest.php.fmv.cc/usersList - OK
Verified -  - https://wmstest.php.fmv.cc/edit-user/612db04fa5313e63ea2c171d
Verified - https://wmstest.php.fmv.cc/edit-user/612db04fa5313e63ea2c171d - OK
Verified -  - https://wmstest.php.fmv.cc/changePassword
Verified - https://wmstest.php.fmv.cc/changePassword - OK
Verified - Name is Correct
Verified - Role is Correct
Verified - User Template is Correct
Verified - User Email is Correct
Verified - User Phone is Correct
STEP - STEP - Clicking FREEDOM LOGISTICS to Return On Dashboard Page...
STEP - Logging Out Successfully...
STEP - Click - Logout
Verified - Login Page is Displayed
STEP - Closing Browser Successfully...
STEP - *** Executed testTier1UserProfileSection test successfully...]]>
  </system-out>
</testsuite> <!-- tests.wms.DemoTest -->
