<?xml version="1.0" encoding="UTF-8"?>
<!-- Generated by org.testng.reporters.JUnitReportReporter -->
<testsuite skipped="0" hostname="DESKTOP-0KBR3DP" name="tests.wms.TestUsersSection" tests="1" failures="0" timestamp="2021-09-24T14:44:12 IST" time="89.826" errors="0">
  <testcase name="testCreateEditAndDeleteUserFromManageUserSection" time="89.826" classname="tests.wms.TestUsersSection"/>
  <system-out>
    <![CDATA[STEP - *** Running test method testCreateEditAndDeleteUserFromManageUserSection...
TestNumber - TC_5
Coverage - Verifies that Tier 1 user can create, edit and delete user from Manage Users Section.
CreateDate - 03/09/2021
STEP - Launch Browser Successfully...
STEP - Navigate to WMS Website Home Page.
Verified - WMS Website Opened Successfully...
Verified - Login Page is Displayed
STEP - Enter Valid Username, Password and Sign In
STEP - Set - abhijeet@elsner.in
STEP - Set - Test@123
STEP - Click - Sign In
Verified - Welcome Automation User! - Welcome Message is Displayed
STEP - Go to Manage Users Section
STEP - Open USERS Section
STEP - Click - USERS
STEP - Open Manage Users Section
STEP - Click - Manage Users
Verified - Users List Page is Displayed
STEP - Create new user
STEP - Click - Create New User
Verified - CREATE NEW USER Page is Displayed
STEP - Create User with Blank Data
STEP - Click - Submit
Verified - Please enter your First name! - Message is Displayed
Verified - Please input your Last name! - Message is Displayed
Verified - Please select the Role! - Message is Displayed
Verified - Please select the Template! - Message is Displayed
Verified - The input is not valid E-mail! - Message is Displayed
Verified - Please enter your Phone Number! - Message is Displayed
Verified - Please enter the shift! - Message is Displayed
STEP - Click - Cancel
Verified - Users List Page is Displayed
STEP - Create new user
STEP - Click - Create New User
Verified - CREATE NEW USER Page is Displayed
STEP - Fill new user create data
STEP - Set - Test_Automation_FirstName
STEP - Set - Test_Automation_LastName
STEP - Click - 
STEP - Click - Tier1
STEP - Set - email_0924144315867@test.com
STEP - Set - 0924144315
STEP - Select Company in List
STEP - Click - 
STEP - Click - 
STEP - Click - 
STEP - Click - Template 1
STEP - Click - Submit
STEP - Validate newly created User Details
Verified - Users List Page is Displayed
STEP - Searching User using seach text as 0924144315
STEP - Set - 0924144315
STEP - Click - 
Verified - Test_Automation_FirstName is Displayed Successfully
Verified - Test_Automation_LastName is Displayed Successfully
Verified - Tier1 Role is Displayed Successfully
Verified - email_0924144315867@test.com is Displayed Successfully
Verified - 0924144315 is Displayed Successfully
Verified - Day Shift is Displayed Successfully
Verified - Template1 is Displayed Successfully
Verified - Active Status is Displayed Successfully
STEP - Edit User Details
STEP - Click - 
Verified - EDIT PROFILE Page is Displayed
STEP - Change User Status as Inactive
STEP - Click - 
STEP - Click - Save
Verified - Please enter note! - Message is Displayed
STEP - Change User Status as Suspended
STEP - Click - 
STEP - Click - Save
Verified - Please enter note! - Message is Displayed
STEP - Enter Note
STEP - Set - Setting Note before Inactivating account
STEP - Click - 
STEP - Click - Save
STEP - Validate newly edited User Details
Verified - Users List Page is Displayed
STEP - Searching User using seach text as 0924144315
STEP - Set - 0924144315
STEP - Click - 
Verified - Inactive Status is Displayed Successfully
STEP - Delete newly created user
STEP - Click - 
STEP - Click - Yes
STEP - Searching User using seach text as 0924144315
STEP - Set - 0924144315
STEP - Click - 
Verified - No Data Found Message is Displayed
STEP - Closing Browser Successfully...
STEP - *** Executed testCreateEditAndDeleteUserFromManageUserSection test successfully...]]>
  </system-out>
</testsuite> <!-- tests.wms.TestUsersSection -->
