<?xml version="1.0" encoding="UTF-8"?>
<!-- Generated by org.testng.reporters.JUnitReportReporter -->
<testsuite skipped="0" hostname="DESKTOP-0KBR3DP" name="tests.wms.TestSiteSection" tests="1" failures="0" timestamp="2021-09-24T14:13:11 IST" time="87.438" errors="0">
  <testcase name="testCreateAndDeleteSite" time="87.438" classname="tests.wms.TestSiteSection"/>
  <system-out>
    <![CDATA[STEP - *** Running test method testCreateAndDeleteSite...
TestNumber - TC_6
Coverage - Verifies that Tier1 User can create and delete site from Site section.
CreateDate - 07/09/2021
STEP - Launch Browser Successfully...
STEP - Navigate to WMS Website Home Page
Verified - WMS Website Opened Successfully...
Verified - Login Page is Displayed
STEP - Enter Valid Username, Password and Sign In
STEP - Set - abhijeet@elsner.in
STEP - Set - Test@123
STEP - Click - Sign In
Verified - Welcome Automation User! - Welcome Message is Displayed
STEP - Go to Manage Users Section
STEP - Open SITE Section
STEP - Click - SITE
STEP - Open Set-up Site Section
STEP - Click - Set-up Site
Verified - Site List Page is Displayed
STEP - Create new site
STEP - Click - Create New Site
Verified - CREATE NEW SITE Page is Displayed
STEP - Create Site with Blank Data
STEP - Click - Submit
Verified - Please enter Site name! - Message is Displayed
Verified - Please enter Site code! - Message is Displayed
Verified - Please enter Street Line 1! - Message is Displayed
Verified - Please enter Street Line 2! - Message is Displayed
Verified - Please enter city name! - Message is Displayed
Verified - Please enter state name! - Message is Displayed
Verified - Please enter country! - Message is Displayed
Verified - Please enter postal code! - Message is Displayed
Verified - Please select the date! - Message is Displayed
Verified - Please select the date! - Message is Displayed
Verified - Please enter company name! - Message is Displayed
Verified - Please enter Name! - Message is Displayed
Verified - Please enter Email! - Message is Displayed
Verified - Please enter Phone number! - Message is Displayed
Verified - Please enter Client Name! - Message is Displayed
Verified - Please enter Client Email! - Message is Displayed
Verified - Please enter Client Phone Number! - Message is Displayed
Verified - Please enter Email! - Message is Displayed
Verified - Please enter Phone number! - Message is Displayed
STEP - Click - Cancel
Verified - Site List Page is Displayed
STEP - Create new site
STEP - Click - Create New Site
Verified - CREATE NEW SITE Page is Displayed
STEP - Fill new site data
STEP - Set - Automation_SiteCode_0924141221235
STEP - Select First Site in List
STEP - Click - 
STEP - Select First Company in List
STEP - Click - 
STEP - Set - Line1 Address
STEP - Set - Line2 Address
STEP - Set - Pune City
STEP - Set - Maharashtra State
STEP - Set - INDIA
STEP - Set - 412308
STEP - Set - 2021/09/267
STEP - Set - 2021/09/267
STEP - Set - CompanyName_0924141221235
STEP - Set - OnsiteLead
STEP - Set - email_0924141221236@test.com
STEP - Set - 0924141221
STEP - Set - ClientProcurementName
STEP - Set - email_0924141221236@test.com
STEP - Set - 0924141221
STEP - Set - AdditionalContactName
STEP - Set - email_0924141221236@test.com
STEP - Set - 0924141221
STEP - Set - Admin Role
STEP - Click - Submit
STEP - Validate newly created Site Details
Verified - Site List Page is Displayed
STEP - Searching User using seach text as Automation_SiteCode_0924141221235
STEP - Set - Automation_SiteCode_0924141221235
STEP - Click - 
Verified - Automation_SiteCode_0924141221235 is Displayed Successfully
Verified - CompanyName_0924141221235 is Displayed Successfully
Verified - CompanyName_0924141221235 is Displayed Successfully
STEP - Delete newly created site
STEP - Click - 
STEP - Click - Yes
STEP - Searching User using seach text as Automation_SiteCode_0924141221235
STEP - Set - Automation_SiteCode_0924141221235
STEP - Click - 
Verified - No Data Found Message is Displayed
STEP - Validate deleted site in Deleted Site List Page
STEP - Click - Deleted Sites
Verified - Deleted Site List Page is Displayed
STEP - Searching User using seach text as Automation_SiteCode_0924141221235
STEP - Set - Automation_SiteCode_0924141221235
STEP - Click - 
Verified - Automation_SiteCode_0924141221235 is Displayed Successfully
Verified - CompanyName_0924141221235 is Displayed Successfully
Verified - CompanyName_0924141221235 is Displayed Successfully
STEP - Navigate back using breadcrumb link as Site List
STEP - Click - Site List
Verified - Site List Page is Displayed
STEP - Closing Browser Successfully...
STEP - *** Executed testCreateAndDeleteSite test successfully...]]>
  </system-out>
</testsuite> <!-- tests.wms.TestSiteSection -->
