<?xml version="1.0" encoding="UTF-8"?>
<!-- Generated by org.testng.reporters.JUnitReportReporter -->
<testsuite skipped="0" hostname="DESKTOP-0KBR3DP" name="tests.wms.TestHomePage" tests="4" failures="1" timestamp="2021-09-22T13:23:52 IST" time="152.904" errors="0">
  <testcase name="testVerifyTier1DashboardLinks" time="53.656" classname="tests.wms.TestHomePage"/>
  <system-out>
    <![CDATA[STEP - *** Running test method testVerifyTier1DashboardLinks...
TestNumber - TC_3
Coverage - Verifies that Tier 1 Dashboard hyperlinks are accessible.
CreateDate - 01/09/2021
STEP - Launch Browser Successfully...
STEP - Navigate to WMS Website Home Page.
Verified - WMS Website Opened Successfully...
Verified - Login Page is Displayed
STEP - Enter Valid Username, Password and Sign In
STEP - Set - abhijeet@elsner.in
STEP - Set - Test@123
STEP - Click - Sign In
Verified - Welcome Automation User! - Welcome Message is Displayed
Verified -  - https://wmstest.php.fmv.cc/dashboard
Verified - https://wmstest.php.fmv.cc/dashboard - OK
Verified -  - https://wmstest.php.fmv.cc/site-selection
Verified - https://wmstest.php.fmv.cc/site-selection - OK
Verified -  - https://wmstest.php.fmv.cc/
Verified - https://wmstest.php.fmv.cc/ - OK
Verified -  - https://wmstest.php.fmv.cc/
Verified - https://wmstest.php.fmv.cc/ - OK
Verified -  - https://wmstest.php.fmv.cc/dashboard
Verified - https://wmstest.php.fmv.cc/dashboard - OK
Verified -  - https://wmstest.php.fmv.cc/sitesList
Verified - https://wmstest.php.fmv.cc/sitesList - OK
Verified -  - https://wmstest.php.fmv.cc/usersList
Verified - https://wmstest.php.fmv.cc/usersList - OK
Verified -  - https://wmstest.php.fmv.cc/permissionList
Verified - https://wmstest.php.fmv.cc/permissionList - OK
STEP - Closing Browser Successfully...
STEP - *** Executed testVerifyTier1DashboardLinks test successfully...]]>
  </system-out>
  <testcase name="testForgotPassword" time="17.221" classname="tests.wms.TestHomePage"/>
  <system-out>
    <![CDATA[STEP - *** Running test method testForgotPassword...
TestNumber - TC_2
Coverage - Verifies that only authenticated user will be able to reset his password using valid email.
CreateDate - 01/09/2021
STEP - Launch Browser Successfully...
STEP - Navigate to WMS Website Home Page.
Verified - WMS Website Opened Successfully...
Verified - Login Page is Displayed
STEP - Navigate to Forgot Password
STEP - Click Link As - Forgot Password?
Verified - Forgotten Password is Displayed
STEP - Enter blank Username and Submit
STEP - Set - 
STEP - Click - Submit
Verified - Please input your E-mail! - Message is Displayed
STEP - Enter Invalid Username and Submit
STEP - Set - abc
Verified - The input is not valid E-mail! - Message is Displayed
STEP - Navigate Back to Log In
STEP - Click Link As - Back to login
Verified - Login Page is Displayed
STEP - Closing Browser Successfully...
STEP - *** Executed testForgotPassword test successfully...]]>
  </system-out>
  <testcase name="testTier1UserProfileSection" time="43.035" classname="tests.wms.TestHomePage">
    <failure type="java.lang.AssertionError" message="expected [true] but found [false]">
      <![CDATA[java.lang.AssertionError: expected [true] but found [false]
at org.testng.Assert.fail(Assert.java:99)
at org.testng.Assert.failNotEquals(Assert.java:1037)
at org.testng.Assert.assertTrue(Assert.java:45)
at utils.AssertUtil.assertTrue(AssertUtil.java:10)
at tests.wms.TestHomePage.testTier1UserProfileSection(TestHomePage.java:142)
at sun.reflect.NativeMethodAccessorImpl.invoke0(Native Method)
at sun.reflect.NativeMethodAccessorImpl.invoke(NativeMethodAccessorImpl.java:62)
at sun.reflect.DelegatingMethodAccessorImpl.invoke(DelegatingMethodAccessorImpl.java:43)
at java.lang.reflect.Method.invoke(Method.java:498)
at org.testng.internal.MethodInvocationHelper.invokeMethod(MethodInvocationHelper.java:133)
at org.testng.internal.TestInvoker.invokeMethod(TestInvoker.java:598)
at org.testng.internal.TestInvoker.invokeTestMethod(TestInvoker.java:173)
at org.testng.internal.MethodRunner.runInSequence(MethodRunner.java:46)
at org.testng.internal.TestInvoker$MethodInvocationAgent.invoke(TestInvoker.java:824)
at org.testng.internal.TestInvoker.invokeTestMethods(TestInvoker.java:146)
at org.testng.internal.TestMethodWorker.invokeTestMethods(TestMethodWorker.java:146)
at org.testng.internal.TestMethodWorker.run(TestMethodWorker.java:128)
at java.util.ArrayList.forEach(ArrayList.java:1257)
at org.testng.TestRunner.privateRun(TestRunner.java:794)
at org.testng.TestRunner.run(TestRunner.java:596)
at org.testng.SuiteRunner.runTest(SuiteRunner.java:377)
at org.testng.SuiteRunner.runSequentially(SuiteRunner.java:371)
at org.testng.SuiteRunner.privateRun(SuiteRunner.java:332)
at org.testng.SuiteRunner.run(SuiteRunner.java:276)
at org.testng.SuiteRunnerWorker.runSuite(SuiteRunnerWorker.java:53)
at org.testng.SuiteRunnerWorker.run(SuiteRunnerWorker.java:96)
at org.testng.TestNG.runSuitesSequentially(TestNG.java:1212)
at org.testng.TestNG.runSuitesLocally(TestNG.java:1134)
at org.testng.TestNG.runSuites(TestNG.java:1063)
at org.testng.TestNG.run(TestNG.java:1031)
at org.testng.remote.AbstractRemoteTestNG.run(AbstractRemoteTestNG.java:115)
at org.testng.remote.RemoteTestNG.initAndRun(RemoteTestNG.java:251)
at org.testng.remote.RemoteTestNG.main(RemoteTestNG.java:77)
]]>
    </failure>
  </testcase> <!-- testTier1UserProfileSection -->
  <system-out>
    <![CDATA[STEP - *** Running test method testTier1UserProfileSection...
TestNumber - TC_4
Coverage - Verifies that Tier 1 user can see user profile from My profile section of Tier 1 Dashboard.
CreateDate - 02/09/2021
STEP - Launch Browser Successfully...
STEP - Navigate to WMS Website Home Page.
Verified - WMS Website Opened Successfully...
Verified - Login Page is Displayed
STEP - Enter Valid Username, Password and Sign In
STEP - Set - abhijeet@elsner.in
STEP - Set - Test@123
STEP - Click - Sign In
Verified - Welcome Automation User! - Welcome Message is Displayed
STEP - Navigate to My Profile Section
STEP - Click Link As - My Profile
Verified - Name is Correct
Verified - Role is Correct
Verified - User Template is Correct
STEP - *** Test execution testTier1UserProfileSection failed...]]>
  </system-out>
  <testcase name="testCustomerLogIn" time="38.992" classname="tests.wms.TestHomePage"/>
  <system-out>
    <![CDATA[STEP - *** Running test method testCustomerLogIn...
TestNumber - TC_1
Coverage - Verifies that a authorised client User can log in and see profile.
CreateDate - 01/09/2021
STEP - Launch Browser Successfully...
STEP - Navigate to WMS Website Home Page.
Verified - WMS Website Opened Successfully...
Verified - Login Page is Displayed
STEP - Enter blank Username, Set Password and Sign In
STEP - Set - 
STEP - Set - 
STEP - Click - Sign In
Verified - The input is not valid E-mail! - Message is Displayed
STEP - Enter Valid Username, blank Password and Sign In
STEP - Set - abhijeet@elsner.in
STEP - Set - 
STEP - Click - Sign In
Verified - Please input your Password! - Message is Displayed
STEP - Enter Invalid Username, Password and Sign In
STEP - Set - abc@test.com
STEP - Set - Test@123
STEP - Click - Sign In
Verified - Your email is invalid - Message is Displayed
STEP - Enter Valid Username, Invalid Password and Sign In
STEP - Set - abhijeet@elsner.in
STEP - Set - TestPassword
STEP - Click - Sign In
Verified - Your email address or password is invalid - Message is Displayed
STEP - Enter Valid Username, Password and Sign In
STEP - Set - abhijeet@elsner.in
STEP - Set - Test@123
STEP - Click - Sign In
Verified - Welcome Automation User! - Welcome Message is Displayed
STEP - Closing Browser Successfully...
STEP - *** Executed testCustomerLogIn test successfully...]]>
  </system-out>
</testsuite> <!-- tests.wms.TestHomePage -->
