<?xml version="1.0" encoding="UTF-8"?>
<!-- Generated by org.testng.reporters.JUnitReportReporter -->
<testsuite skipped="0" hostname="DESKTOP-0KBR3DP" name="tests.wms.TestPermissionSection" tests="1" failures="0" timestamp="2021-09-24T14:05:39 IST" time="56.071" errors="0">
  <testcase name="testCreateEditAndDeleteUserFromManageUserSection" time="56.071" classname="tests.wms.TestPermissionSection"/>
  <system-out>
    <![CDATA[STEP - *** Running test method testCreateEditAndDeleteUserFromManageUserSection...
TestNumber - TC_9
Coverage - Verifies that Tier 1 user can create and edit permission template from Permission Section.
CreateDate - 15/09/2021
STEP - Launch Browser Successfully...
STEP - Navigate to WMS Website Home Page
Verified - WMS Website Opened Successfully...
Verified - Login Page is Displayed
STEP - Enter Valid Username, Password and Sign In
STEP - Set - abhijeet@elsner.in
STEP - Set - Test@123
STEP - Click - Sign In
Verified - Welcome Automation User! - Welcome Message is Displayed
STEP - Go to Permissions Section
STEP - Open PERMISSIONS Section
STEP - Click - PERMISSIONS
STEP - Open Permission Templates Section
STEP - Click - Permission Templates
Verified - Permission Template Page is Displayed
STEP - Create New Template
STEP - Click - Create Template
Verified - CREATE NEW TEMPLATE Page is Displayed
STEP - Create Template with Blank Template Name
STEP - Click - Submit
Verified - Please enter Site name! - Message is Displayed
STEP - Click - Cancel
Verified - Permission Template Page is Displayed
STEP - Create New Template
STEP - Click - Create Template
Verified - CREATE NEW TEMPLATE Page is Displayed
STEP - Set - Template_0924140519226
STEP - Select All Permissions
STEP - Click Link As - 1
STEP - Click - 
STEP - Click - 
STEP - Click - 
STEP - Click - 
STEP - Click - 
STEP - Click - 
STEP - Click - 
STEP - Click - 
STEP - Click - 
STEP - Click - 
STEP - Click Link As - 2
STEP - Click - 
STEP - Click - 
STEP - Click - 
STEP - Click - 
STEP - Click - 
STEP - Click - 
STEP - Click - 
STEP - Click - 
STEP - Click - 
STEP - Click - 
STEP - Click Link As - 3
STEP - Click - 
STEP - Click - Submit
Verified - Request completed successfully - Message is Displayed
STEP - Verify newly created template
STEP - Searching User using seach text as Template_0924140519226
STEP - Set - Template_0924140519226
STEP - Click - 
Verified - Template_0924140519226 is Displayed Successfully
STEP - Edit newly created template
STEP - Click - 
STEP - Deselect Some Permissions
STEP - Click Link As - 1
STEP - Click - 
STEP - Click - 
STEP - Click - 
STEP - Click - 
STEP - Click - 
STEP - Click - 
STEP - Click - 
STEP - Click - 
STEP - Click - 
STEP - Click - 
STEP - Click Link As - 2
STEP - Click - 
STEP - Click - 
STEP - Click - 
STEP - Click - 
STEP - Click - 
STEP - Click - 
STEP - Click - 
STEP - Click - 
STEP - Click - 
STEP - Click - 
STEP - Click - Submit
Verified - Data Updated successfully - Message is Displayed
STEP - Closing Browser Successfully...
STEP - *** Executed testCreateEditAndDeleteUserFromManageUserSection test successfully...]]>
  </system-out>
</testsuite> <!-- tests.wms.TestPermissionSection -->
